Using pre-set license
Built from '2020.2/staging' branch; Version is '2020.2.7f1 (c53830e277f1) revision 12924976'; Using compiler version '192528614'; Build Type 'Release'
OS: 'Windows 10 Home; OS build 19041.867; Version 2004; 64bit' Language: 'fr' Physical Memory: 32638 MB
BatchMode: 1, IsHumanControllingUs: 0, StartBugReporterOnCrash: 0, Is64bit: 1, IsPro: 0

 COMMAND LINE ARGUMENTS:
C:\Program Files\Unity\Hub\Editor\2020.2.7f1\Editor\Unity.exe
-adb2
-batchMode
-noUpm
-name
AssetImportWorker0
-projectPath
C:/Users/Admin/Desktop/Les maux filents jeux/Les maux filents jeux vidéo/Les maux filents sources/Les maux filents
-logFile
Logs/AssetImportWorker0.log
-srvPort
51429
Successfully changed project path to: C:/Users/Admin/Desktop/Les maux filents jeux/Les maux filents jeux vidéo/Les maux filents sources/Les maux filents
C:/Users/Admin/Desktop/Les maux filents jeux/Les maux filents jeux vidéo/Les maux filents sources/Les maux filents
Using Asset Import Pipeline V2.
Refreshing native plugins compatible for Editor in 17.34 ms, found 0 plugins.
Preloading 0 native plugins for Editor in 0.00 ms.
Initialize engine version: 2020.2.7f1 (c53830e277f1)
[Subsystems] Discovering subsystems at path C:/Program Files/Unity/Hub/Editor/2020.2.7f1/Editor/Data/Resources/UnitySubsystems
[Subsystems] Discovering subsystems at path C:/Users/Admin/Desktop/Les maux filents jeux/Les maux filents jeux vidéo/Les maux filents sources/Les maux filents/Assets
GfxDevice: creating device client; threaded=0
Direct3D:
    Version:  Direct3D 11.0 [level 11.1]
    Renderer: NVIDIA GeForce RTX 2070 SUPER (ID=0x1e84)
    Vendor:   
    VRAM:     8011 MB
    Driver:   27.21.14.6140
Initialize mono
Mono path[0] = 'C:/Program Files/Unity/Hub/Editor/2020.2.7f1/Editor/Data/Managed'
Mono path[1] = 'C:/Program Files/Unity/Hub/Editor/2020.2.7f1/Editor/Data/MonoBleedingEdge/lib/mono/unityjit'
Mono config path = 'C:/Program Files/Unity/Hub/Editor/2020.2.7f1/Editor/Data/MonoBleedingEdge/etc'
Using monoOptions --debugger-agent=transport=dt_socket,embedding=1,server=y,suspend=n,address=127.0.0.1:56660
Begin MonoManager ReloadAssembly
Registering precompiled unity dll's ...
Register platform support module: C:/Program Files/Unity/Hub/Editor/2020.2.7f1/Editor/Data/PlaybackEngines/WebGLSupport/UnityEditor.WebGL.Extensions.dll
Register platform support module: C:/Program Files/Unity/Hub/Editor/2020.2.7f1/Editor/Data/PlaybackEngines/MacStandaloneSupport/UnityEditor.OSXStandalone.Extensions.dll
Register platform support module: C:/Program Files/Unity/Hub/Editor/2020.2.7f1/Editor/Data/PlaybackEngines/WindowsStandaloneSupport/UnityEditor.WindowsStandalone.Extensions.dll
Register platform support module: C:/Program Files/Unity/Hub/Editor/2020.2.7f1/Editor/Data/PlaybackEngines/LinuxStandaloneSupport/UnityEditor.LinuxStandalone.Extensions.dll
Register platform support module: C:/Program Files/Unity/Hub/Editor/2020.2.7f1/Editor/Data/PlaybackEngines/LuminSupport/UnityEditor.Lumin.Extensions.dll
Registered in 0.002352 seconds.
Native extension for Lumin target not found
Native extension for LinuxStandalone target not found
Native extension for WindowsStandalone target not found
Native extension for OSXStandalone target not found
Native extension for WebGL target not found
Refreshing native plugins compatible for Editor in 17.74 ms, found 0 plugins.
Preloading 0 native plugins for Editor in 0.00 ms.
Invoked RoslynAnalysisRunner static constructor.
RoslynAnalysisRunner will not be running.
RoslynAnalysisRunner has terminated.
Mono: successfully reloaded assembly
- Completed reload, in  1.373 seconds
Platform modules already initialized, skipping
Registering precompiled user dll's ...
Registered in 0.000511 seconds.
Begin MonoManager ReloadAssembly
Native extension for Lumin target not found
Native extension for LinuxStandalone target not found
Native extension for WindowsStandalone target not found
Native extension for OSXStandalone target not found
Native extension for WebGL target not found
Refreshing native plugins compatible for Editor in 0.16 ms, found 0 plugins.
Preloading 0 native plugins for Editor in 0.00 ms.
Invoked RoslynAnalysisRunner static constructor.
RoslynAnalysisRunner will not be running.
RoslynAnalysisRunner has terminated.
Mono: successfully reloaded assembly
- Completed reload, in  0.595 seconds
Platform modules already initialized, skipping
========================================================================
Worker process is ready to serve import requests
Launched and connected shader compiler UnityShaderCompiler.exe after 0.02 seconds
Refreshing native plugins compatible for Editor in 0.16 ms, found 0 plugins.
Preloading 0 native plugins for Editor in 0.00 ms.
Unloading 1118 Unused Serialized files (Serialized files now loaded: 0)
System memory in use before: 57.8 MB.
System memory in use after: 57.9 MB.

Unloading 9 unused Assets to reduce memory usage. Loaded Objects now: 1563.
Total: 1.427100 ms (FindLiveObjects: 0.120800 ms CreateObjectMapping: 0.043200 ms MarkObjects: 1.217000 ms  DeleteObjects: 0.045400 ms)

========================================================================
Received Import Request.
  path: Assets/Character/Idle.fbx
  artifactKey: Guid(d4c6205f4eb934e46a1cb38add601e54) Importer(815301076,1909f56bfc062723c751e8b465ee728b)
Start importing Assets/Character/Idle.fbx using Guid(d4c6205f4eb934e46a1cb38add601e54) Importer(815301076,1909f56bfc062723c751e8b465ee728b)  -> (artifact id: '13be6fd3ee3f0d582c282618ba8d62e5') in 0.161261 seconds
  Import took 0.162926 seconds .

========================================================================
Received Import Request.
  Time since last request: 2764.244188 seconds.
  path: Assets/Character/Walking (1).fbx
  artifactKey: Guid(7557d30bece9fbc478d73545e4a2f497) Importer(815301076,1909f56bfc062723c751e8b465ee728b)
Start importing Assets/Character/Walking (1).fbx using Guid(7557d30bece9fbc478d73545e4a2f497) Importer(815301076,1909f56bfc062723c751e8b465ee728b)  -> (artifact id: 'b6f3c43d152f9f928d4581459c4b108e') in 0.052712 seconds
  Import took 0.054717 seconds .

========================================================================
Received Import Request.
  Time since last request: 5.846683 seconds.
  path: Assets/Character/Idle.fbx
  artifactKey: Guid(d4c6205f4eb934e46a1cb38add601e54) Importer(815301076,1909f56bfc062723c751e8b465ee728b)
Start importing Assets/Character/Idle.fbx using Guid(d4c6205f4eb934e46a1cb38add601e54) Importer(815301076,1909f56bfc062723c751e8b465ee728b)  -> (artifact id: '77e55d22dcd31c8fb48a7bc8a2803e46') in 0.096012 seconds
  Import took 0.097757 seconds .

========================================================================
Received Import Request.
  Time since last request: 123.340148 seconds.
  path: Assets/Character/Idle.anim
  artifactKey: Guid(05da76fb6522fc7448a8d17a43e2bde7) Importer(815301076,1909f56bfc062723c751e8b465ee728b)
Start importing Assets/Character/Idle.anim using Guid(05da76fb6522fc7448a8d17a43e2bde7) Importer(815301076,1909f56bfc062723c751e8b465ee728b)  -> (artifact id: '4a57d7abdfbd79611571cdaf23158e80') in 0.022625 seconds
  Import took 0.024357 seconds .

========================================================================
Received Import Request.
  Time since last request: 0.000158 seconds.
  path: Assets/Character/Walking (1).fbx
  artifactKey: Guid(7557d30bece9fbc478d73545e4a2f497) Importer(815301076,1909f56bfc062723c751e8b465ee728b)
Start importing Assets/Character/Walking (1).fbx using Guid(7557d30bece9fbc478d73545e4a2f497) Importer(815301076,1909f56bfc062723c751e8b465ee728b)  -> (artifact id: 'fab484674bbbcfc9eb4fcc5af69ceadd') in 0.123639 seconds
  Import took 0.125362 seconds .

========================================================================
Received Import Request.
  Time since last request: 44.386412 seconds.
  path: Assets/Character/Walk.anim
  artifactKey: Guid(60f9656ab3239e84d830c5d115d906a6) Importer(815301076,1909f56bfc062723c751e8b465ee728b)
Start importing Assets/Character/Walk.anim using Guid(60f9656ab3239e84d830c5d115d906a6) Importer(815301076,1909f56bfc062723c751e8b465ee728b)  -> (artifact id: 'c029c4e826430bd9bc7d467bc21734b1') in 0.009121 seconds
  Import took 0.010752 seconds .

========================================================================
Received Import Request.
  Time since last request: 0.000183 seconds.
  path: Assets/Character/Idle.fbx
  artifactKey: Guid(d4c6205f4eb934e46a1cb38add601e54) Importer(815301076,1909f56bfc062723c751e8b465ee728b)
Start importing Assets/Character/Idle.fbx using Guid(d4c6205f4eb934e46a1cb38add601e54) Importer(815301076,1909f56bfc062723c751e8b465ee728b)  -> (artifact id: '7c208d0844fd00a039ec8c4be730873b') in 0.133169 seconds
  Import took 0.134816 seconds .

========================================================================
Received Import Request.
  Time since last request: 54.419607 seconds.
  path: Assets/Character/Walk.anim
  artifactKey: Guid(60f9656ab3239e84d830c5d115d906a6) Importer(815301076,1909f56bfc062723c751e8b465ee728b)
Start importing Assets/Character/Walk.anim using Guid(60f9656ab3239e84d830c5d115d906a6) Importer(815301076,1909f56bfc062723c751e8b465ee728b)  -> (artifact id: '382607e661cbdef4fcaa2d06d2b67f95') in 0.011753 seconds
  Import took 0.013406 seconds .

========================================================================
Received Import Request.
  Time since last request: 7.689712 seconds.
  path: Assets/Character/idle.anim
  artifactKey: Guid(05da76fb6522fc7448a8d17a43e2bde7) Importer(815301076,1909f56bfc062723c751e8b465ee728b)
Start importing Assets/Character/idle.anim using Guid(05da76fb6522fc7448a8d17a43e2bde7) Importer(815301076,1909f56bfc062723c751e8b465ee728b)  -> (artifact id: 'c75eb14a30fe6118a691ba4b40d7ccf1') in 0.019370 seconds
  Import took 0.020941 seconds .

========================================================================
Received Import Request.
  Time since last request: 95.281197 seconds.
  path: Assets/Animation/Mathias Animator Controller.controller
  artifactKey: Guid(deeab7e6850d08b46bdaa67cb0348477) Importer(815301076,1909f56bfc062723c751e8b465ee728b)
Start importing Assets/Animation/Mathias Animator Controller.controller using Guid(deeab7e6850d08b46bdaa67cb0348477) Importer(815301076,1909f56bfc062723c751e8b465ee728b)  -> (artifact id: '7d00f2acd3a00d5d5ced8d187a877cd3') in 0.031828 seconds
  Import took 0.033338 seconds .

========================================================================
Received Prepare
Registering precompiled user dll's ...
Registered in 0.000425 seconds.
Begin MonoManager ReloadAssembly
Native extension for Lumin target not found
Native extension for LinuxStandalone target not found
Native extension for WindowsStandalone target not found
Native extension for OSXStandalone target not found
Native extension for WebGL target not found
Refreshing native plugins compatible for Editor in 0.17 ms, found 0 plugins.
Preloading 0 native plugins for Editor in 0.00 ms.
Invoked RoslynAnalysisRunner static constructor.
RoslynAnalysisRunner will not be running.
RoslynAnalysisRunner has terminated.
Mono: successfully reloaded assembly
- Completed reload, in  0.551 seconds
Platform modules already initialized, skipping
Refreshing native plugins compatible for Editor in 0.16 ms, found 0 plugins.
Preloading 0 native plugins for Editor in 0.00 ms.
Unloading 1112 Unused Serialized files (Serialized files now loaded: 0)
System memory in use before: 75.3 MB.
System memory in use after: 75.4 MB.

Unloading 4 unused Assets to reduce memory usage. Loaded Objects now: 1610.
Total: 1.212100 ms (FindLiveObjects: 0.095200 ms CreateObjectMapping: 0.028400 ms MarkObjects: 1.078200 ms  DeleteObjects: 0.009500 ms)

========================================================================
Received Import Request.
  Time since last request: 694.731316 seconds.
  path: Assets/Character/Mathias_rig fixe 1.fbx
  artifactKey: Guid(4b6632bc95afced48a29b640b4366531) Importer(815301076,1909f56bfc062723c751e8b465ee728b)
Start importing Assets/Character/Mathias_rig fixe 1.fbx using Guid(4b6632bc95afced48a29b640b4366531) Importer(815301076,1909f56bfc062723c751e8b465ee728b)  -> (artifact id: 'a93f9c7bb687bb41226697799c9e6e35') in 0.117905 seconds
  Import took 0.119914 seconds .

========================================================================
Received Import Request.
  Time since last request: 0.000183 seconds.
  path: Assets/Character/Mathias_rig fixe.fbx
  artifactKey: Guid(aea40136402b1e046bbf34d5def2009c) Importer(815301076,1909f56bfc062723c751e8b465ee728b)
Start importing Assets/Character/Mathias_rig fixe.fbx using Guid(aea40136402b1e046bbf34d5def2009c) Importer(815301076,1909f56bfc062723c751e8b465ee728b)  -> (artifact id: '353ea930c93461e7175a704dc3f92666') in 0.059230 seconds
  Import took 0.060636 seconds .

========================================================================
Received Import Request.
  Time since last request: 0.000125 seconds.
  path: Assets/Character/Mathias_rig fixe@Breathing Idle.fbx
  artifactKey: Guid(592cb5aadf744aa4ba9dc07703adbc3f) Importer(815301076,1909f56bfc062723c751e8b465ee728b)
Start importing Assets/Character/Mathias_rig fixe@Breathing Idle.fbx using Guid(592cb5aadf744aa4ba9dc07703adbc3f) Importer(815301076,1909f56bfc062723c751e8b465ee728b)  -> (artifact id: '48e446e89b4e1b9bd81b749f83fb3044') in 0.082014 seconds
  Import took 0.083694 seconds .

========================================================================
Received Import Request.
  Time since last request: 0.000128 seconds.
  path: Assets/Character/Mathias_rig fixe@Standard Walk (1).fbx
  artifactKey: Guid(e88aefc959513da40aee8c3626951852) Importer(815301076,1909f56bfc062723c751e8b465ee728b)
Start importing Assets/Character/Mathias_rig fixe@Standard Walk (1).fbx using Guid(e88aefc959513da40aee8c3626951852) Importer(815301076,1909f56bfc062723c751e8b465ee728b)  -> (artifact id: 'bb0120f7ae43cd60e6ae36cf0531ce14') in 0.058589 seconds
  Import took 0.060271 seconds .

========================================================================
Received Import Request.
  Time since last request: 54.081596 seconds.
  path: Assets/Character/Mathias_rig fixe 1.fbx
  artifactKey: Guid(4b6632bc95afced48a29b640b4366531) Importer(815301076,1909f56bfc062723c751e8b465ee728b)
Start importing Assets/Character/Mathias_rig fixe 1.fbx using Guid(4b6632bc95afced48a29b640b4366531) Importer(815301076,1909f56bfc062723c751e8b465ee728b)  -> (artifact id: '1c717c5aaa426b36bf540ee36012d778') in 0.065837 seconds
  Import took 0.067585 seconds .

========================================================================
Received Import Request.
  Time since last request: 18.958598 seconds.
  path: Assets/Character/Mathias_rig fixe@Standard Walk (1).fbx
  artifactKey: Guid(e88aefc959513da40aee8c3626951852) Importer(815301076,1909f56bfc062723c751e8b465ee728b)
Start importing Assets/Character/Mathias_rig fixe@Standard Walk (1).fbx using Guid(e88aefc959513da40aee8c3626951852) Importer(815301076,1909f56bfc062723c751e8b465ee728b)  -> (artifact id: 'a3d23b3e3a836493c520758c0341596b') in 0.095091 seconds
  Import took 0.096860 seconds .

========================================================================
Received Import Request.
  Time since last request: 14.725065 seconds.
  path: Assets/Character/Mathias_rig fixe@Breathing Idle.fbx
  artifactKey: Guid(592cb5aadf744aa4ba9dc07703adbc3f) Importer(815301076,1909f56bfc062723c751e8b465ee728b)
Start importing Assets/Character/Mathias_rig fixe@Breathing Idle.fbx using Guid(592cb5aadf744aa4ba9dc07703adbc3f) Importer(815301076,1909f56bfc062723c751e8b465ee728b)  -> (artifact id: '6ddc1a59a234e6e8a1383705b2636974') in 0.094063 seconds
  Import took 0.095902 seconds .

========================================================================
Received Import Request.
  Time since last request: 5.478516 seconds.
  path: Assets/Character/Mathias_rig fixe 1.fbx
  artifactKey: Guid(4b6632bc95afced48a29b640b4366531) Importer(815301076,1909f56bfc062723c751e8b465ee728b)
Start importing Assets/Character/Mathias_rig fixe 1.fbx using Guid(4b6632bc95afced48a29b640b4366531) Importer(815301076,1909f56bfc062723c751e8b465ee728b)  -> (artifact id: '6d14939f7a15219ea88b5e767f0e5661') in 0.081455 seconds
  Import took 0.083247 seconds .

========================================================================
Received Import Request.
  Time since last request: 4.330368 seconds.
  path: Assets/Character/Mathias_rig fixe.fbx
  artifactKey: Guid(aea40136402b1e046bbf34d5def2009c) Importer(815301076,1909f56bfc062723c751e8b465ee728b)
Start importing Assets/Character/Mathias_rig fixe.fbx using Guid(aea40136402b1e046bbf34d5def2009c) Importer(815301076,1909f56bfc062723c751e8b465ee728b)  -> (artifact id: '26142baf7961939e6150d97512fe2ee5') in 0.063418 seconds
  Import took 0.064981 seconds .

========================================================================
Received Import Request.
  Time since last request: 0.050661 seconds.
  path: Assets/Character/Mathias_rig fixe.fbx
  artifactKey: Guid(aea40136402b1e046bbf34d5def2009c) Importer(815301076,1909f56bfc062723c751e8b465ee728b)
Start importing Assets/Character/Mathias_rig fixe.fbx using Guid(aea40136402b1e046bbf34d5def2009c) Importer(815301076,1909f56bfc062723c751e8b465ee728b)  -> (artifact id: '26142baf7961939e6150d97512fe2ee5') in 0.080218 seconds
  Import took 0.081801 seconds .

========================================================================
Received Import Request.
  Time since last request: 248.061697 seconds.
  path: Assets/Character/Mathias_rig fixe.fbx
  artifactKey: Guid(aea40136402b1e046bbf34d5def2009c) Importer(815301076,1909f56bfc062723c751e8b465ee728b)
Start importing Assets/Character/Mathias_rig fixe.fbx using Guid(aea40136402b1e046bbf34d5def2009c) Importer(815301076,1909f56bfc062723c751e8b465ee728b)  -> (artifact id: '4e1ed1974300fcab5f3ba68339d62c1b') in 0.055832 seconds
  Import took 0.057876 seconds .

========================================================================
Received Import Request.
  Time since last request: 1.752330 seconds.
  path: Assets/Character/Mathias_rig fixe.fbx
  artifactKey: Guid(aea40136402b1e046bbf34d5def2009c) Importer(815301076,1909f56bfc062723c751e8b465ee728b)
Start importing Assets/Character/Mathias_rig fixe.fbx using Guid(aea40136402b1e046bbf34d5def2009c) Importer(815301076,1909f56bfc062723c751e8b465ee728b)  -> (artifact id: 'd65d0e6831bd38f8dcbb946171c48324') in 0.037874 seconds
  Import took 0.039475 seconds .

========================================================================
Received Import Request.
  Time since last request: 122.223867 seconds.
  path: Assets/Character/Mathias_rig fixe.fbx
  artifactKey: Guid(aea40136402b1e046bbf34d5def2009c) Importer(815301076,1909f56bfc062723c751e8b465ee728b)
Start importing Assets/Character/Mathias_rig fixe.fbx using Guid(aea40136402b1e046bbf34d5def2009c) Importer(815301076,1909f56bfc062723c751e8b465ee728b)  -> (artifact id: '254940f0e6fd76d5052c56f469f0e497') in 0.065499 seconds
  Import took 0.067153 seconds .

========================================================================
Received Import Request.
  Time since last request: 0.000199 seconds.
  path: Assets/Character/Mathias_rig fixe@Standing W_Briefcase Idle.fbx
  artifactKey: Guid(87c85de1334bb1e46869fcd456de5d3b) Importer(815301076,1909f56bfc062723c751e8b465ee728b)
Start importing Assets/Character/Mathias_rig fixe@Standing W_Briefcase Idle.fbx using Guid(87c85de1334bb1e46869fcd456de5d3b) Importer(815301076,1909f56bfc062723c751e8b465ee728b)  -> (artifact id: '6de1294d7089f61ac2e67e06c9560a8f') in 0.006232 seconds
  Import took 0.007552 seconds .

========================================================================
Received Import Request.
  Time since last request: 0.000135 seconds.
  path: Assets/Character/Mathias_rig fixe@Standard Walk.fbx
  artifactKey: Guid(a8070f80ce5ae7c4a8ebdb694134fca4) Importer(815301076,1909f56bfc062723c751e8b465ee728b)
Start importing Assets/Character/Mathias_rig fixe@Standard Walk.fbx using Guid(a8070f80ce5ae7c4a8ebdb694134fca4) Importer(815301076,1909f56bfc062723c751e8b465ee728b)  -> (artifact id: 'a40f88f757ec211dc7c07be8f49cd054') in 0.005930 seconds
  Import took 0.007224 seconds .

========================================================================
Received Import Request.
  Time since last request: 181.782289 seconds.
  path: Assets/Character/Mathias_rig fixe@Standard Walk.fbx
  artifactKey: Guid(a8070f80ce5ae7c4a8ebdb694134fca4) Importer(815301076,1909f56bfc062723c751e8b465ee728b)
Start importing Assets/Character/Mathias_rig fixe@Standard Walk.fbx using Guid(a8070f80ce5ae7c4a8ebdb694134fca4) Importer(815301076,1909f56bfc062723c751e8b465ee728b)  -> (artifact id: '5be86d84f361a1336550671e3fee6813') in 0.003817 seconds
  Import took 0.005633 seconds .

========================================================================
Received Import Request.
  Time since last request: 0.015870 seconds.
  path: Assets/Character/Mathias_rig fixe@Standard Walk.fbx
  artifactKey: Guid(a8070f80ce5ae7c4a8ebdb694134fca4) Importer(815301076,1909f56bfc062723c751e8b465ee728b)
Start importing Assets/Character/Mathias_rig fixe@Standard Walk.fbx using Guid(a8070f80ce5ae7c4a8ebdb694134fca4) Importer(815301076,1909f56bfc062723c751e8b465ee728b)  -> (artifact id: '5be86d84f361a1336550671e3fee6813') in 0.003554 seconds
  Import took 0.005164 seconds .

========================================================================
Received Import Request.
  Time since last request: 14.199017 seconds.
  path: Assets/Character/Mathias_rig fixe@Standing W_Briefcase Idle.fbx
  artifactKey: Guid(87c85de1334bb1e46869fcd456de5d3b) Importer(815301076,1909f56bfc062723c751e8b465ee728b)
Start importing Assets/Character/Mathias_rig fixe@Standing W_Briefcase Idle.fbx using Guid(87c85de1334bb1e46869fcd456de5d3b) Importer(815301076,1909f56bfc062723c751e8b465ee728b)  -> (artifact id: '5ee9d02e2c63f295c0d937072f6795cc') in 0.004100 seconds
  Import took 0.005635 seconds .

========================================================================
Received Import Request.
  Time since last request: 0.005505 seconds.
  path: Assets/Character/Mathias_rig fixe@Standing W_Briefcase Idle.fbx
  artifactKey: Guid(87c85de1334bb1e46869fcd456de5d3b) Importer(815301076,1909f56bfc062723c751e8b465ee728b)
Start importing Assets/Character/Mathias_rig fixe@Standing W_Briefcase Idle.fbx using Guid(87c85de1334bb1e46869fcd456de5d3b) Importer(815301076,1909f56bfc062723c751e8b465ee728b)  -> (artifact id: '5ee9d02e2c63f295c0d937072f6795cc') in 0.004655 seconds
  Import took 0.006276 seconds .

========================================================================
Received Import Request.
  Time since last request: 55.296287 seconds.
  path: Assets/Character/Mathias_rig fixe@Standard Walk.fbx
  artifactKey: Guid(a8070f80ce5ae7c4a8ebdb694134fca4) Importer(815301076,1909f56bfc062723c751e8b465ee728b)
Start importing Assets/Character/Mathias_rig fixe@Standard Walk.fbx using Guid(a8070f80ce5ae7c4a8ebdb694134fca4) Importer(815301076,1909f56bfc062723c751e8b465ee728b)  -> (artifact id: '095f71354c8e8a75ba568572648f5555') in 0.003774 seconds
  Import took 0.005754 seconds .

========================================================================
Received Import Request.
  Time since last request: 19.475037 seconds.
  path: Assets/Character/Mathias_rig fixe@Standing W_Briefcase Idle.fbx
  artifactKey: Guid(87c85de1334bb1e46869fcd456de5d3b) Importer(815301076,1909f56bfc062723c751e8b465ee728b)
Start importing Assets/Character/Mathias_rig fixe@Standing W_Briefcase Idle.fbx using Guid(87c85de1334bb1e46869fcd456de5d3b) Importer(815301076,1909f56bfc062723c751e8b465ee728b)  -> (artifact id: '8a8c83674aa9e52c24ae58169e483d03') in 0.004297 seconds
  Import took 0.005899 seconds .

========================================================================
Received Import Request.
  Time since last request: 443.781373 seconds.
  path: Assets/Character/Mathias_rig fixe.fbx
  artifactKey: Guid(aea40136402b1e046bbf34d5def2009c) Importer(815301076,1909f56bfc062723c751e8b465ee728b)
Start importing Assets/Character/Mathias_rig fixe.fbx using Guid(aea40136402b1e046bbf34d5def2009c) Importer(815301076,1909f56bfc062723c751e8b465ee728b)  -> (artifact id: 'f2af8e238acad1cdaee737b0235183ff') in 0.070854 seconds
  Import took 0.072715 seconds .

========================================================================
Received Import Request.
  Time since last request: 0.000150 seconds.
  path: Assets/Character/Mathias_rig fixe@Standard Walk.fbx
  artifactKey: Guid(a8070f80ce5ae7c4a8ebdb694134fca4) Importer(815301076,1909f56bfc062723c751e8b465ee728b)
Start importing Assets/Character/Mathias_rig fixe@Standard Walk.fbx using Guid(a8070f80ce5ae7c4a8ebdb694134fca4) Importer(815301076,1909f56bfc062723c751e8b465ee728b)  -> (artifact id: '1946e223d9460d73b2a4cee36181d2a0') in 0.003423 seconds
  Import took 0.004755 seconds .

========================================================================
Received Import Request.
  Time since last request: 15.977112 seconds.
  path: Assets/Character/Mathias_rig fixe@Standard Walk.fbx
  artifactKey: Guid(a8070f80ce5ae7c4a8ebdb694134fca4) Importer(815301076,1909f56bfc062723c751e8b465ee728b)
Start importing Assets/Character/Mathias_rig fixe@Standard Walk.fbx using Guid(a8070f80ce5ae7c4a8ebdb694134fca4) Importer(815301076,1909f56bfc062723c751e8b465ee728b)  -> (artifact id: '5851e80ea2e20a278b26fda199283277') in 0.003674 seconds
  Import took 0.005295 seconds .

========================================================================
Received Import Request.
  Time since last request: 0.012242 seconds.
  path: Assets/Character/Mathias_rig fixe@Standard Walk.fbx
  artifactKey: Guid(a8070f80ce5ae7c4a8ebdb694134fca4) Importer(815301076,1909f56bfc062723c751e8b465ee728b)
Start importing Assets/Character/Mathias_rig fixe@Standard Walk.fbx using Guid(a8070f80ce5ae7c4a8ebdb694134fca4) Importer(815301076,1909f56bfc062723c751e8b465ee728b)  -> (artifact id: '5851e80ea2e20a278b26fda199283277') in 0.004212 seconds
  Import took 0.005807 seconds .

========================================================================
Received Import Request.
  Time since last request: 7.451375 seconds.
  path: Assets/Character/Mathias_rig fixe@Standard Walk.fbx
  artifactKey: Guid(a8070f80ce5ae7c4a8ebdb694134fca4) Importer(815301076,1909f56bfc062723c751e8b465ee728b)
Start importing Assets/Character/Mathias_rig fixe@Standard Walk.fbx using Guid(a8070f80ce5ae7c4a8ebdb694134fca4) Importer(815301076,1909f56bfc062723c751e8b465ee728b)  -> (artifact id: '1491a16063754fdb6af8dd8a9093a36b') in 0.003537 seconds
  Import took 0.005125 seconds .

========================================================================
Received Import Request.
  Time since last request: 0.013176 seconds.
  path: Assets/Character/Mathias_rig fixe@Standard Walk.fbx
  artifactKey: Guid(a8070f80ce5ae7c4a8ebdb694134fca4) Importer(815301076,1909f56bfc062723c751e8b465ee728b)
Start importing Assets/Character/Mathias_rig fixe@Standard Walk.fbx using Guid(a8070f80ce5ae7c4a8ebdb694134fca4) Importer(815301076,1909f56bfc062723c751e8b465ee728b)  -> (artifact id: '1491a16063754fdb6af8dd8a9093a36b') in 0.003553 seconds
  Import took 0.005151 seconds .

========================================================================
Received Import Request.
  Time since last request: 67.839207 seconds.
  path: Assets/Character/Standard Walk (1).fbx
  artifactKey: Guid(b0d9aebd1d91a7c48b2b10e568188dfc) Importer(815301076,1909f56bfc062723c751e8b465ee728b)
Start importing Assets/Character/Standard Walk (1).fbx using Guid(b0d9aebd1d91a7c48b2b10e568188dfc) Importer(815301076,1909f56bfc062723c751e8b465ee728b)  -> (artifact id: '45a6d4b37f04188112b5757904c93694') in 0.006663 seconds
  Import took 0.008432 seconds .

========================================================================
Received Import Request.
  Time since last request: 29.190730 seconds.
  path: Assets/Character/Standard Walk (1).fbx
  artifactKey: Guid(b0d9aebd1d91a7c48b2b10e568188dfc) Importer(815301076,1909f56bfc062723c751e8b465ee728b)
Start importing Assets/Character/Standard Walk (1).fbx using Guid(b0d9aebd1d91a7c48b2b10e568188dfc) Importer(815301076,1909f56bfc062723c751e8b465ee728b)  -> (artifact id: '16d6f585326bd5f9e09022d2dbd45e3f') in 0.003525 seconds
  Import took 0.005080 seconds .

========================================================================
Received Import Request.
  Time since last request: 0.015151 seconds.
  path: Assets/Character/Standard Walk (1).fbx
  artifactKey: Guid(b0d9aebd1d91a7c48b2b10e568188dfc) Importer(815301076,1909f56bfc062723c751e8b465ee728b)
Start importing Assets/Character/Standard Walk (1).fbx using Guid(b0d9aebd1d91a7c48b2b10e568188dfc) Importer(815301076,1909f56bfc062723c751e8b465ee728b)  -> (artifact id: '16d6f585326bd5f9e09022d2dbd45e3f') in 0.003491 seconds
  Import took 0.005102 seconds .

========================================================================
Received Import Request.
  Time since last request: 93.045364 seconds.
  path: Assets/Character/Standing W_Briefcase Idle.fbx
  artifactKey: Guid(995d4c5a9f667574982fc5e4ca9068ac) Importer(815301076,1909f56bfc062723c751e8b465ee728b)
Start importing Assets/Character/Standing W_Briefcase Idle.fbx using Guid(995d4c5a9f667574982fc5e4ca9068ac) Importer(815301076,1909f56bfc062723c751e8b465ee728b)  -> (artifact id: '3b886368331a6e81fda235ceaa2ce2ef') in 0.006956 seconds
  Import took 0.008555 seconds .

========================================================================
Received Import Request.
  Time since last request: 0.001373 seconds.
  path: Assets/Character/Standing W_Briefcase Idle.fbx
  artifactKey: Guid(995d4c5a9f667574982fc5e4ca9068ac) Importer(815301076,1909f56bfc062723c751e8b465ee728b)
Start importing Assets/Character/Standing W_Briefcase Idle.fbx using Guid(995d4c5a9f667574982fc5e4ca9068ac) Importer(815301076,1909f56bfc062723c751e8b465ee728b)  -> (artifact id: '3b886368331a6e81fda235ceaa2ce2ef') in 0.003692 seconds
  Import took 0.005138 seconds .

========================================================================
Received Import Request.
  Time since last request: 5.074210 seconds.
  path: Assets/Character/Standard Walk (1).fbx
  artifactKey: Guid(b0d9aebd1d91a7c48b2b10e568188dfc) Importer(815301076,1909f56bfc062723c751e8b465ee728b)
Start importing Assets/Character/Standard Walk (1).fbx using Guid(b0d9aebd1d91a7c48b2b10e568188dfc) Importer(815301076,1909f56bfc062723c751e8b465ee728b)  -> (artifact id: '6ee3192661c212eaf21614e155bbe348') in 0.003711 seconds
  Import took 0.005386 seconds .

========================================================================
Received Import Request.
  Time since last request: 5.831245 seconds.
  path: Assets/Character/Standing W_Briefcase Idle.fbx
  artifactKey: Guid(995d4c5a9f667574982fc5e4ca9068ac) Importer(815301076,1909f56bfc062723c751e8b465ee728b)
Start importing Assets/Character/Standing W_Briefcase Idle.fbx using Guid(995d4c5a9f667574982fc5e4ca9068ac) Importer(815301076,1909f56bfc062723c751e8b465ee728b)  -> (artifact id: '1ee25a89f571cce065ae20d2f53c533c') in 0.003734 seconds
  Import took 0.005257 seconds .

========================================================================
Received Import Request.
  Time since last request: 0.012484 seconds.
  path: Assets/Character/Standing W_Briefcase Idle.fbx
  artifactKey: Guid(995d4c5a9f667574982fc5e4ca9068ac) Importer(815301076,1909f56bfc062723c751e8b465ee728b)
Start importing Assets/Character/Standing W_Briefcase Idle.fbx using Guid(995d4c5a9f667574982fc5e4ca9068ac) Importer(815301076,1909f56bfc062723c751e8b465ee728b)  -> (artifact id: '1ee25a89f571cce065ae20d2f53c533c') in 0.003007 seconds
  Import took 0.004474 seconds .

========================================================================
Received Import Request.
  Time since last request: 9.591359 seconds.
  path: Assets/Character/Standing W_Briefcase Idle.fbx
  artifactKey: Guid(995d4c5a9f667574982fc5e4ca9068ac) Importer(815301076,1909f56bfc062723c751e8b465ee728b)
Start importing Assets/Character/Standing W_Briefcase Idle.fbx using Guid(995d4c5a9f667574982fc5e4ca9068ac) Importer(815301076,1909f56bfc062723c751e8b465ee728b)  -> (artifact id: 'af8745829fe297261bf117992ff50e6e') in 0.004078 seconds
  Import took 0.005661 seconds .

========================================================================
Received Import Request.
  Time since last request: 0.009638 seconds.
  path: Assets/Character/Standing W_Briefcase Idle.fbx
  artifactKey: Guid(995d4c5a9f667574982fc5e4ca9068ac) Importer(815301076,1909f56bfc062723c751e8b465ee728b)
Start importing Assets/Character/Standing W_Briefcase Idle.fbx using Guid(995d4c5a9f667574982fc5e4ca9068ac) Importer(815301076,1909f56bfc062723c751e8b465ee728b)  -> (artifact id: 'af8745829fe297261bf117992ff50e6e') in 0.004265 seconds
  Import took 0.005829 seconds .

========================================================================
Received Import Request.
  Time since last request: 8.839187 seconds.
  path: Assets/Character/Standard Walk (1).fbx
  artifactKey: Guid(b0d9aebd1d91a7c48b2b10e568188dfc) Importer(815301076,1909f56bfc062723c751e8b465ee728b)
Start importing Assets/Character/Standard Walk (1).fbx using Guid(b0d9aebd1d91a7c48b2b10e568188dfc) Importer(815301076,1909f56bfc062723c751e8b465ee728b)  -> (artifact id: '25078b2f93c848db2150104826ed108a') in 0.003718 seconds
  Import took 0.005377 seconds .

========================================================================
Received Import Request.
  Time since last request: 4.718134 seconds.
  path: Assets/Character/Standing W_Briefcase Idle.fbx
  artifactKey: Guid(995d4c5a9f667574982fc5e4ca9068ac) Importer(815301076,1909f56bfc062723c751e8b465ee728b)
Start importing Assets/Character/Standing W_Briefcase Idle.fbx using Guid(995d4c5a9f667574982fc5e4ca9068ac) Importer(815301076,1909f56bfc062723c751e8b465ee728b)  -> (artifact id: '9a72c6a03755c257a3fefb06fea780ff') in 0.004075 seconds
  Import took 0.005899 seconds .

========================================================================
Received Import Request.
  Time since last request: 0.013421 seconds.
  path: Assets/Character/Standing W_Briefcase Idle.fbx
  artifactKey: Guid(995d4c5a9f667574982fc5e4ca9068ac) Importer(815301076,1909f56bfc062723c751e8b465ee728b)
Start importing Assets/Character/Standing W_Briefcase Idle.fbx using Guid(995d4c5a9f667574982fc5e4ca9068ac) Importer(815301076,1909f56bfc062723c751e8b465ee728b)  -> (artifact id: '9a72c6a03755c257a3fefb06fea780ff') in 0.005082 seconds
  Import took 0.006636 seconds .

========================================================================
Received Import Request.
  Time since last request: 257.340849 seconds.
  path: Assets/Character/Standing W_Briefcase Idle.fbx
  artifactKey: Guid(995d4c5a9f667574982fc5e4ca9068ac) Importer(815301076,1909f56bfc062723c751e8b465ee728b)
Start importing Assets/Character/Standing W_Briefcase Idle.fbx using Guid(995d4c5a9f667574982fc5e4ca9068ac) Importer(815301076,1909f56bfc062723c751e8b465ee728b)  -> (artifact id: 'fb8f750b152dbec7e18ea7d23aee9ba8') in 0.004439 seconds
  Import took 0.006258 seconds .

========================================================================
Received Prepare
Registering precompiled user dll's ...
Registered in 0.000443 seconds.
Begin MonoManager ReloadAssembly
Native extension for Lumin target not found
Native extension for LinuxStandalone target not found
Native extension for WindowsStandalone target not found
Native extension for OSXStandalone target not found
Native extension for WebGL target not found
Refreshing native plugins compatible for Editor in 0.16 ms, found 0 plugins.
Preloading 0 native plugins for Editor in 0.00 ms.
Invoked RoslynAnalysisRunner static constructor.
RoslynAnalysisRunner will not be running.
RoslynAnalysisRunner has terminated.
Mono: successfully reloaded assembly
- Completed reload, in  0.557 seconds
Platform modules already initialized, skipping
Refreshing native plugins compatible for Editor in 0.16 ms, found 0 plugins.
Preloading 0 native plugins for Editor in 0.00 ms.
Unloading 1112 Unused Serialized files (Serialized files now loaded: 0)
System memory in use before: 75.5 MB.
System memory in use after: 75.6 MB.

Unloading 4 unused Assets to reduce memory usage. Loaded Objects now: 1614.
Total: 1.317200 ms (FindLiveObjects: 0.193700 ms CreateObjectMapping: 0.027100 ms MarkObjects: 1.084200 ms  DeleteObjects: 0.009500 ms)

========================================================================
Received Prepare
Registering precompiled user dll's ...
Registered in 0.000413 seconds.
Begin MonoManager ReloadAssembly
Native extension for Lumin target not found
Native extension for LinuxStandalone target not found
Native extension for WindowsStandalone target not found
Native extension for OSXStandalone target not found
Native extension for WebGL target not found
Refreshing native plugins compatible for Editor in 0.17 ms, found 0 plugins.
Preloading 0 native plugins for Editor in 0.00 ms.
Invoked RoslynAnalysisRunner static constructor.
RoslynAnalysisRunner will not be running.
RoslynAnalysisRunner has terminated.
Mono: successfully reloaded assembly
- Completed reload, in  0.550 seconds
Platform modules already initialized, skipping
Refreshing native plugins compatible for Editor in 0.16 ms, found 0 plugins.
Preloading 0 native plugins for Editor in 0.00 ms.
Unloading 1112 Unused Serialized files (Serialized files now loaded: 0)
System memory in use before: 75.5 MB.
System memory in use after: 75.6 MB.

Unloading 4 unused Assets to reduce memory usage. Loaded Objects now: 1617.
Total: 1.342600 ms (FindLiveObjects: 0.105600 ms CreateObjectMapping: 0.030300 ms MarkObjects: 1.197000 ms  DeleteObjects: 0.008900 ms)

========================================================================
Received Prepare
Registering precompiled user dll's ...
Registered in 0.000418 seconds.
Begin MonoManager ReloadAssembly
Native extension for Lumin target not found
Native extension for LinuxStandalone target not found
Native extension for WindowsStandalone target not found
Native extension for OSXStandalone target not found
Native extension for WebGL target not found
Refreshing native plugins compatible for Editor in 0.17 ms, found 0 plugins.
Preloading 0 native plugins for Editor in 0.00 ms.
Invoked RoslynAnalysisRunner static constructor.
RoslynAnalysisRunner will not be running.
RoslynAnalysisRunner has terminated.
Mono: successfully reloaded assembly
- Completed reload, in  0.551 seconds
Platform modules already initialized, skipping
Refreshing native plugins compatible for Editor in 0.16 ms, found 0 plugins.
Preloading 0 native plugins for Editor in 0.00 ms.
Unloading 1112 Unused Serialized files (Serialized files now loaded: 0)
System memory in use before: 75.6 MB.
System memory in use after: 75.7 MB.

Unloading 4 unused Assets to reduce memory usage. Loaded Objects now: 1620.
Total: 1.146700 ms (FindLiveObjects: 0.105000 ms CreateObjectMapping: 0.033400 ms MarkObjects: 0.998300 ms  DeleteObjects: 0.009200 ms)

========================================================================
Received Prepare
Registering precompiled user dll's ...
Registered in 0.000377 seconds.
Begin MonoManager ReloadAssembly
Native extension for Lumin target not found
Native extension for LinuxStandalone target not found
Native extension for WindowsStandalone target not found
Native extension for OSXStandalone target not found
Native extension for WebGL target not found
Refreshing native plugins compatible for Editor in 0.17 ms, found 0 plugins.
Preloading 0 native plugins for Editor in 0.00 ms.
Invoked RoslynAnalysisRunner static constructor.
RoslynAnalysisRunner will not be running.
RoslynAnalysisRunner has terminated.
Mono: successfully reloaded assembly
- Completed reload, in  0.581 seconds
Platform modules already initialized, skipping
Refreshing native plugins compatible for Editor in 0.18 ms, found 0 plugins.
Preloading 0 native plugins for Editor in 0.00 ms.
Unloading 1112 Unused Serialized files (Serialized files now loaded: 0)
System memory in use before: 75.6 MB.
System memory in use after: 75.7 MB.

Unloading 4 unused Assets to reduce memory usage. Loaded Objects now: 1623.
Total: 1.096900 ms (FindLiveObjects: 0.105900 ms CreateObjectMapping: 0.027200 ms MarkObjects: 0.953800 ms  DeleteObjects: 0.008800 ms)

========================================================================
Received Prepare
Registering precompiled user dll's ...
Registered in 0.000584 seconds.
Begin MonoManager ReloadAssembly
Native extension for Lumin target not found
Native extension for LinuxStandalone target not found
Native extension for WindowsStandalone target not found
Native extension for OSXStandalone target not found
Native extension for WebGL target not found
Refreshing native plugins compatible for Editor in 0.20 ms, found 0 plugins.
Preloading 0 native plugins for Editor in 0.00 ms.
Invoked RoslynAnalysisRunner static constructor.
RoslynAnalysisRunner will not be running.
RoslynAnalysisRunner has terminated.
Mono: successfully reloaded assembly
- Completed reload, in  0.556 seconds
Platform modules already initialized, skipping
Refreshing native plugins compatible for Editor in 0.17 ms, found 0 plugins.
Preloading 0 native plugins for Editor in 0.00 ms.
Unloading 1112 Unused Serialized files (Serialized files now loaded: 0)
System memory in use before: 75.6 MB.
System memory in use after: 75.7 MB.

Unloading 4 unused Assets to reduce memory usage. Loaded Objects now: 1626.
Total: 1.185900 ms (FindLiveObjects: 0.122000 ms CreateObjectMapping: 0.033200 ms MarkObjects: 1.018100 ms  DeleteObjects: 0.011900 ms)

========================================================================
Received Prepare
Registering precompiled user dll's ...
Registered in 0.000425 seconds.
Begin MonoManager ReloadAssembly
Native extension for Lumin target not found
Native extension for LinuxStandalone target not found
Native extension for WindowsStandalone target not found
Native extension for OSXStandalone target not found
Native extension for WebGL target not found
Refreshing native plugins compatible for Editor in 0.17 ms, found 0 plugins.
Preloading 0 native plugins for Editor in 0.00 ms.
Invoked RoslynAnalysisRunner static constructor.
RoslynAnalysisRunner will not be running.
RoslynAnalysisRunner has terminated.
Mono: successfully reloaded assembly
- Completed reload, in  0.551 seconds
Platform modules already initialized, skipping
Refreshing native plugins compatible for Editor in 0.16 ms, found 0 plugins.
Preloading 0 native plugins for Editor in 0.00 ms.
Unloading 1112 Unused Serialized files (Serialized files now loaded: 0)
System memory in use before: 75.6 MB.
System memory in use after: 75.7 MB.

Unloading 4 unused Assets to reduce memory usage. Loaded Objects now: 1629.
Total: 1.150600 ms (FindLiveObjects: 0.100900 ms CreateObjectMapping: 0.026000 ms MarkObjects: 1.013100 ms  DeleteObjects: 0.009900 ms)

AssetImportWorkerClient::OnTransportError - code=2 error=End of file
