Using pre-set license
Built from '2020.2/staging' branch; Version is '2020.2.7f1 (c53830e277f1) revision 12924976'; Using compiler version '192528614'; Build Type 'Release'
OS: 'Windows 10 Home; OS build 19041.867; Version 2004; 64bit' Language: 'fr' Physical Memory: 32638 MB
BatchMode: 1, IsHumanControllingUs: 0, StartBugReporterOnCrash: 0, Is64bit: 1, IsPro: 0

 COMMAND LINE ARGUMENTS:
C:\Program Files\Unity\Hub\Editor\2020.2.7f1\Editor\Unity.exe
-adb2
-batchMode
-noUpm
-name
AssetImportWorker0
-projectPath
C:/Users/Admin/Desktop/Les maux filents jeux/Les maux filents jeux vidéo/Les maux filents sources/Les maux filents
-logFile
Logs/AssetImportWorker0.log
-srvPort
50116
Successfully changed project path to: C:/Users/Admin/Desktop/Les maux filents jeux/Les maux filents jeux vidéo/Les maux filents sources/Les maux filents
C:/Users/Admin/Desktop/Les maux filents jeux/Les maux filents jeux vidéo/Les maux filents sources/Les maux filents
Using Asset Import Pipeline V2.
Refreshing native plugins compatible for Editor in 16.75 ms, found 0 plugins.
Preloading 0 native plugins for Editor in 0.00 ms.
Initialize engine version: 2020.2.7f1 (c53830e277f1)
[Subsystems] Discovering subsystems at path C:/Program Files/Unity/Hub/Editor/2020.2.7f1/Editor/Data/Resources/UnitySubsystems
[Subsystems] Discovering subsystems at path C:/Users/Admin/Desktop/Les maux filents jeux/Les maux filents jeux vidéo/Les maux filents sources/Les maux filents/Assets
GfxDevice: creating device client; threaded=0
Direct3D:
    Version:  Direct3D 11.0 [level 11.1]
    Renderer: NVIDIA GeForce RTX 2070 SUPER (ID=0x1e84)
    Vendor:   
    VRAM:     8011 MB
    Driver:   27.21.14.6140
Initialize mono
Mono path[0] = 'C:/Program Files/Unity/Hub/Editor/2020.2.7f1/Editor/Data/Managed'
Mono path[1] = 'C:/Program Files/Unity/Hub/Editor/2020.2.7f1/Editor/Data/MonoBleedingEdge/lib/mono/unityjit'
Mono config path = 'C:/Program Files/Unity/Hub/Editor/2020.2.7f1/Editor/Data/MonoBleedingEdge/etc'
Using monoOptions --debugger-agent=transport=dt_socket,embedding=1,server=y,suspend=n,address=127.0.0.1:56432
Begin MonoManager ReloadAssembly
Registering precompiled unity dll's ...
Register platform support module: C:/Program Files/Unity/Hub/Editor/2020.2.7f1/Editor/Data/PlaybackEngines/WebGLSupport/UnityEditor.WebGL.Extensions.dll
Register platform support module: C:/Program Files/Unity/Hub/Editor/2020.2.7f1/Editor/Data/PlaybackEngines/MacStandaloneSupport/UnityEditor.OSXStandalone.Extensions.dll
Register platform support module: C:/Program Files/Unity/Hub/Editor/2020.2.7f1/Editor/Data/PlaybackEngines/WindowsStandaloneSupport/UnityEditor.WindowsStandalone.Extensions.dll
Register platform support module: C:/Program Files/Unity/Hub/Editor/2020.2.7f1/Editor/Data/PlaybackEngines/LinuxStandaloneSupport/UnityEditor.LinuxStandalone.Extensions.dll
Register platform support module: C:/Program Files/Unity/Hub/Editor/2020.2.7f1/Editor/Data/PlaybackEngines/LuminSupport/UnityEditor.Lumin.Extensions.dll
Registered in 0.002380 seconds.
Native extension for Lumin target not found
Native extension for LinuxStandalone target not found
Native extension for WindowsStandalone target not found
Native extension for OSXStandalone target not found
Native extension for WebGL target not found
Refreshing native plugins compatible for Editor in 17.26 ms, found 0 plugins.
Preloading 0 native plugins for Editor in 0.00 ms.
Invoked RoslynAnalysisRunner static constructor.
RoslynAnalysisRunner will not be running.
RoslynAnalysisRunner has terminated.
Mono: successfully reloaded assembly
- Completed reload, in  1.377 seconds
Platform modules already initialized, skipping
Registering precompiled user dll's ...
Registered in 0.000483 seconds.
Begin MonoManager ReloadAssembly
Native extension for Lumin target not found
Native extension for LinuxStandalone target not found
Native extension for WindowsStandalone target not found
Native extension for OSXStandalone target not found
Native extension for WebGL target not found
Refreshing native plugins compatible for Editor in 0.28 ms, found 0 plugins.
Preloading 0 native plugins for Editor in 0.00 ms.
Invoked RoslynAnalysisRunner static constructor.
RoslynAnalysisRunner will not be running.
RoslynAnalysisRunner has terminated.
Mono: successfully reloaded assembly
- Completed reload, in  0.584 seconds
Platform modules already initialized, skipping
========================================================================
Worker process is ready to serve import requests
Launched and connected shader compiler UnityShaderCompiler.exe after 0.03 seconds
Refreshing native plugins compatible for Editor in 0.16 ms, found 0 plugins.
Preloading 0 native plugins for Editor in 0.00 ms.
Unloading 1118 Unused Serialized files (Serialized files now loaded: 0)
System memory in use before: 57.8 MB.
System memory in use after: 57.9 MB.

Unloading 9 unused Assets to reduce memory usage. Loaded Objects now: 1563.
Total: 1.218000 ms (FindLiveObjects: 0.102300 ms CreateObjectMapping: 0.031700 ms MarkObjects: 1.048500 ms  DeleteObjects: 0.034900 ms)

========================================================================
Received Import Request.
  path: Assets/Animation/Mathias Animator Controller.controller
  artifactKey: Guid(deeab7e6850d08b46bdaa67cb0348477) Importer(815301076,1909f56bfc062723c751e8b465ee728b)
Start importing Assets/Animation/Mathias Animator Controller.controller using Guid(deeab7e6850d08b46bdaa67cb0348477) Importer(815301076,1909f56bfc062723c751e8b465ee728b)  -> (artifact id: '998c8a33f26e9f29392059ea65d49156') in 0.031135 seconds
  Import took 0.032523 seconds .

========================================================================
Received Import Request.
  Time since last request: 8.192042 seconds.
  path: Assets/Character/mixamo.com 1.anim
  artifactKey: Guid(60f9656ab3239e84d830c5d115d906a6) Importer(815301076,1909f56bfc062723c751e8b465ee728b)
Start importing Assets/Character/mixamo.com 1.anim using Guid(60f9656ab3239e84d830c5d115d906a6) Importer(815301076,1909f56bfc062723c751e8b465ee728b)  -> (artifact id: '46e91ccbc3dd3dad8ec2a85097dc31fc') in 0.010619 seconds
  Import took 0.011999 seconds .

========================================================================
Received Prepare
Refreshing native plugins compatible for Editor in 0.54 ms, found 0 plugins.
Preloading 0 native plugins for Editor in 0.00 ms.
Unloading 2 Unused Serialized files (Serialized files now loaded: 0)
System memory in use before: 35.1 MB.
System memory in use after: 35.2 MB.

Unloading 2 unused Assets to reduce memory usage. Loaded Objects now: 1563.
Total: 1.328400 ms (FindLiveObjects: 0.095200 ms CreateObjectMapping: 0.031700 ms MarkObjects: 1.194300 ms  DeleteObjects: 0.006500 ms)

========================================================================
Received Import Request.
  Time since last request: 53.833530 seconds.
  path: Assets/Character/Idle.anim
  artifactKey: Guid(05da76fb6522fc7448a8d17a43e2bde7) Importer(815301076,1909f56bfc062723c751e8b465ee728b)
Start importing Assets/Character/Idle.anim using Guid(05da76fb6522fc7448a8d17a43e2bde7) Importer(815301076,1909f56bfc062723c751e8b465ee728b)  -> (artifact id: '408d18de303b0dd5b4cdc8d4cae09292') in 0.010367 seconds
  Import took 0.011861 seconds .

========================================================================
Received Import Request.
  Time since last request: 11.846276 seconds.
  path: Assets/Character/Walk.anim
  artifactKey: Guid(60f9656ab3239e84d830c5d115d906a6) Importer(815301076,1909f56bfc062723c751e8b465ee728b)
Start importing Assets/Character/Walk.anim using Guid(60f9656ab3239e84d830c5d115d906a6) Importer(815301076,1909f56bfc062723c751e8b465ee728b)  -> (artifact id: 'febf46366275efbb458ed456a3f7bb29') in 0.009295 seconds
  Import took 0.010683 seconds .

========================================================================
Received Prepare
Registering precompiled user dll's ...
Registered in 0.000537 seconds.
Begin MonoManager ReloadAssembly
Native extension for Lumin target not found
Native extension for LinuxStandalone target not found
Native extension for WindowsStandalone target not found
Native extension for OSXStandalone target not found
Native extension for WebGL target not found
Refreshing native plugins compatible for Editor in 0.18 ms, found 0 plugins.
Preloading 0 native plugins for Editor in 0.00 ms.
Invoked RoslynAnalysisRunner static constructor.
RoslynAnalysisRunner will not be running.
RoslynAnalysisRunner has terminated.
Mono: successfully reloaded assembly
- Completed reload, in  0.588 seconds
Platform modules already initialized, skipping
Refreshing native plugins compatible for Editor in 0.19 ms, found 0 plugins.
Preloading 0 native plugins for Editor in 0.00 ms.
Unloading 1112 Unused Serialized files (Serialized files now loaded: 0)
System memory in use before: 57.7 MB.
System memory in use after: 57.8 MB.

Unloading 4 unused Assets to reduce memory usage. Loaded Objects now: 1566.
Total: 1.206100 ms (FindLiveObjects: 0.104600 ms CreateObjectMapping: 0.031600 ms MarkObjects: 1.058900 ms  DeleteObjects: 0.010300 ms)

AssetImportWorkerClient::OnTransportError - code=2 error=End of file
